<?xml version="1.0" encoding="UTF-8"?>
<coverage generated="1525954658041" clover="3.2.0">
  <project timestamp="1525954658041" name="All files">
    <metrics statements="16" coveredstatements="16" conditionals="0" coveredconditionals="0" methods="4" coveredmethods="4" elements="20" coveredelements="20" complexity="0" loc="16" ncloc="16" packages="3" files="3" classes="3">
      <package name="jest">
        <metrics statements="11" coveredstatements="11" conditionals="0" coveredconditionals="0" methods="3" coveredmethods="3"/>
        <file name="setup.js" path="/Users/antcin/Desktop/gitDir/nice/frontend/jest/setup.js">
          <metrics statements="11" coveredstatements="11" conditionals="0" coveredconditionals="0" methods="3" coveredmethods="3"/>
          <line num="8" count="1" type="stmt"/>
          <line num="10" count="1" type="stmt"/>
          <line num="11" count="1" type="stmt"/>
          <line num="14" count="1" type="stmt"/>
          <line num="15" count="325" type="stmt"/>
          <line num="16" count="307" type="stmt"/>
          <line num="17" count="1" type="stmt"/>
          <line num="20" count="1" type="stmt"/>
          <line num="21" count="1" type="stmt"/>
          <line num="22" count="1" type="stmt"/>
          <line num="25" count="1" type="stmt"/>
        </file>
      </package>
      <package name="src.assets">
        <metrics statements="1" coveredstatements="1" conditionals="0" coveredconditionals="0" methods="0" coveredmethods="0"/>
        <file name="nice-logo.png" path="/Users/antcin/Desktop/gitDir/nice/frontend/src/assets/nice-logo.png">
          <metrics statements="1" coveredstatements="1" conditionals="0" coveredconditionals="0" methods="0" coveredmethods="0"/>
          <line num="1" count="1" type="stmt"/>
        </file>
      </package>
      <package name="src.components">
        <metrics statements="4" coveredstatements="4" conditionals="0" coveredconditionals="0" methods="1" coveredmethods="1"/>
        <file name="Button.js" path="/Users/antcin/Desktop/gitDir/nice/frontend/src/components/Button.js">
          <metrics statements="4" coveredstatements="4" conditionals="0" coveredconditionals="0" methods="1" coveredmethods="1"/>
          <line num="5" count="1" type="stmt"/>
          <line num="6" count="3" type="stmt"/>
          <line num="11" count="1" type="stmt"/>
          <line num="15" count="1" type="stmt"/>
        </file>
      </package>
    </metrics>
  </project>
</coverage>
