{"/Users/antcin/Desktop/gitDir/nice/frontend/App.js": {"path":"/Users/antcin/Desktop/gitDir/nice/frontend/App.js","statementMap":{"0":{"start":{"line":11,"column":4},"end":{"line":13,"column":6}},"1":{"start":{"line":17,"column":21},"end":{"line":22,"column":2}}},"fnMap":{"0":{"name":"(anonymous_0)","decl":{"start":{"line":10,"column":2},"end":{"line":10,"column":3}},"loc":{"start":{"line":10,"column":11},"end":{"line":14,"column":3}},"line":10}},"branchMap":{},"s":{"0":2,"1":2},"f":{"0":2},"b":{},"_coverageSchema":"332fd63041d2c1bcb487cc26dd0d5f7d97098a6c","hash":"de908c260e5e07cd48ff7bf576a68fa61c0894c0"}
,"/Users/antcin/Desktop/gitDir/nice/frontend/src/axios.js": {"path":"/Users/antcin/Desktop/gitDir/nice/frontend/src/axios.js","statementMap":{"0":{"start":{"line":3,"column":18},"end":{"line":3,"column":46}},"1":{"start":{"line":5,"column":18},"end":{"line":8,"column":2}}},"fnMap":{},"branchMap":{},"s":{"0":3,"1":3},"f":{},"b":{},"_coverageSchema":"332fd63041d2c1bcb487cc26dd0d5f7d97098a6c","hash":"66a9636076af35894a9532280c0baedd88fca138"}
,"/Users/antcin/Desktop/gitDir/nice/frontend/src/setupTests.js": {"path":"/Users/antcin/Desktop/gitDir/nice/frontend/src/setupTests.js","statementMap":{"0":{"start":{"line":4,"column":0},"end":{"line":4,"column":38}}},"fnMap":{},"branchMap":{},"s":{"0":6},"f":{},"b":{},"_coverageSchema":"332fd63041d2c1bcb487cc26dd0d5f7d97098a6c","hash":"b5718f509b93337cae6b28d3bc0b1e721bacdb40"}
,"/Users/antcin/Desktop/gitDir/nice/frontend/src/assets/nice-logo.png": {"path":"/Users/antcin/Desktop/gitDir/nice/frontend/src/assets/nice-logo.png","statementMap":{"0":{"start":{"line":1,"column":0},"end":{"line":1,"column":19}}},"fnMap":{},"branchMap":{},"s":{"0":4},"f":{},"b":{},"_coverageSchema":"332fd63041d2c1bcb487cc26dd0d5f7d97098a6c","hash":"4395111440e940cc87c7fb6bd9ca48a31a484b67"}
,"/Users/antcin/Desktop/gitDir/nice/frontend/src/components/Button.js": {"path":"/Users/antcin/Desktop/gitDir/nice/frontend/src/components/Button.js","statementMap":{"0":{"start":{"line":5,"column":15},"end":{"line":9,"column":1}},"1":{"start":{"line":6,"column":2},"end":{"line":8,"column":21}},"2":{"start":{"line":11,"column":0},"end":{"line":13,"column":1}},"3":{"start":{"line":15,"column":0},"end":{"line":15,"column":27}}},"fnMap":{"0":{"name":"(anonymous_0)","decl":{"start":{"line":5,"column":15},"end":{"line":5,"column":16}},"loc":{"start":{"line":6,"column":2},"end":{"line":8,"column":21}},"line":6}},"branchMap":{},"s":{"0":4,"1":7,"2":4,"3":4},"f":{"0":7},"b":{},"_coverageSchema":"332fd63041d2c1bcb487cc26dd0d5f7d97098a6c","hash":"9a6e9757e1b6096e2b3dc80e731895cdecb5f36e"}
,"/Users/antcin/Desktop/gitDir/nice/frontend/src/components/DeedList.js": {"path":"/Users/antcin/Desktop/gitDir/nice/frontend/src/components/DeedList.js","statementMap":{"0":{"start":{"line":7,"column":4},"end":{"line":7,"column":12}},"1":{"start":{"line":8,"column":4},"end":{"line":10,"column":5}},"2":{"start":{"line":14,"column":4},"end":{"line":22,"column":6}},"3":{"start":{"line":16,"column":6},"end":{"line":18,"column":43}},"4":{"start":{"line":21,"column":6},"end":{"line":21,"column":59}},"5":{"start":{"line":39,"column":4},"end":{"line":58,"column":5}},"6":{"start":{"line":43,"column":34},"end":{"line":43,"column":35}},"7":{"start":{"line":50,"column":10},"end":{"line":50,"column":34}},"8":{"start":{"line":64,"column":4},"end":{"line":72,"column":5}},"9":{"start":{"line":76,"column":15},"end":{"line":82,"column":2}}},"fnMap":{"0":{"name":"(anonymous_0)","decl":{"start":{"line":6,"column":2},"end":{"line":6,"column":3}},"loc":{"start":{"line":6,"column":16},"end":{"line":11,"column":3}},"line":6},"1":{"name":"(anonymous_1)","decl":{"start":{"line":13,"column":2},"end":{"line":13,"column":3}},"loc":{"start":{"line":13,"column":22},"end":{"line":23,"column":3}},"line":13},"2":{"name":"(anonymous_2)","decl":{"start":{"line":15,"column":10},"end":{"line":15,"column":11}},"loc":{"start":{"line":15,"column":22},"end":{"line":19,"column":5}},"line":15},"3":{"name":"(anonymous_3)","decl":{"start":{"line":20,"column":11},"end":{"line":20,"column":12}},"loc":{"start":{"line":20,"column":20},"end":{"line":22,"column":5}},"line":20},"4":{"name":"(anonymous_4)","decl":{"start":{"line":38,"column":2},"end":{"line":38,"column":3}},"loc":{"start":{"line":38,"column":11},"end":{"line":59,"column":3}},"line":38},"5":{"name":"(anonymous_5)","decl":{"start":{"line":43,"column":24},"end":{"line":43,"column":25}},"loc":{"start":{"line":43,"column":34},"end":{"line":43,"column":35}},"line":43},"6":{"name":"(anonymous_6)","decl":{"start":{"line":44,"column":22},"end":{"line":44,"column":23}},"loc":{"start":{"line":44,"column":34},"end":{"line":51,"column":11}},"line":44},"7":{"name":"(anonymous_7)","decl":{"start":{"line":63,"column":2},"end":{"line":63,"column":3}},"loc":{"start":{"line":63,"column":11},"end":{"line":73,"column":3}},"line":63}},"branchMap":{},"s":{"0":0,"1":0,"2":0,"3":0,"4":0,"5":0,"6":0,"7":0,"8":0,"9":2},"f":{"0":0,"1":0,"2":0,"3":0,"4":0,"5":0,"6":0,"7":0},"b":{},"_coverageSchema":"332fd63041d2c1bcb487cc26dd0d5f7d97098a6c","hash":"3ca277e9a053c22125458893e74b30becfd545cd"}
,"/Users/antcin/Desktop/gitDir/nice/frontend/src/components/RectangleButton.js": {"path":"/Users/antcin/Desktop/gitDir/nice/frontend/src/components/RectangleButton.js","statementMap":{"0":{"start":{"line":12,"column":60},"end":{"line":12,"column":70}},"1":{"start":{"line":13,"column":4},"end":{"line":20,"column":5}},"2":{"start":{"line":24,"column":0},"end":{"line":29,"column":2}},"3":{"start":{"line":31,"column":15},"end":{"line":44,"column":2}}},"fnMap":{"0":{"name":"(anonymous_0)","decl":{"start":{"line":11,"column":2},"end":{"line":11,"column":3}},"loc":{"start":{"line":11,"column":11},"end":{"line":21,"column":3}},"line":11}},"branchMap":{},"s":{"0":2,"1":2,"2":4,"3":4},"f":{"0":2},"b":{},"_coverageSchema":"332fd63041d2c1bcb487cc26dd0d5f7d97098a6c","hash":"b101dcd4eb6f20a3689206465b1cf79d41b297e3"}
,"/Users/antcin/Desktop/gitDir/nice/frontend/src/screens/AuthScreen.js": {"path":"/Users/antcin/Desktop/gitDir/nice/frontend/src/screens/AuthScreen.js","statementMap":{"0":{"start":{"line":15,"column":4},"end":{"line":15,"column":17}},"1":{"start":{"line":16,"column":4},"end":{"line":16,"column":42}},"2":{"start":{"line":22,"column":4},"end":{"line":35,"column":7}},"3":{"start":{"line":53,"column":21},"end":{"line":53,"column":31}},"4":{"start":{"line":54,"column":4},"end":{"line":74,"column":6}},"5":{"start":{"line":59,"column":69},"end":{"line":59,"column":91}},"6":{"start":{"line":62,"column":95},"end":{"line":62,"column":120}},"7":{"start":{"line":79,"column":15},"end":{"line":137,"column":2}}},"fnMap":{"0":{"name":"(anonymous_0)","decl":{"start":{"line":14,"column":2},"end":{"line":14,"column":3}},"loc":{"start":{"line":14,"column":21},"end":{"line":18,"column":3}},"line":14},"1":{"name":"(anonymous_1)","decl":{"start":{"line":20,"column":10},"end":{"line":20,"column":11}},"loc":{"start":{"line":20,"column":16},"end":{"line":37,"column":3}},"line":20},"2":{"name":"(anonymous_2)","decl":{"start":{"line":30,"column":10},"end":{"line":30,"column":11}},"loc":{"start":{"line":30,"column":24},"end":{"line":32,"column":5}},"line":30},"3":{"name":"(anonymous_3)","decl":{"start":{"line":33,"column":11},"end":{"line":33,"column":12}},"loc":{"start":{"line":33,"column":22},"end":{"line":35,"column":5}},"line":33},"4":{"name":"(anonymous_4)","decl":{"start":{"line":52,"column":2},"end":{"line":52,"column":3}},"loc":{"start":{"line":52,"column":11},"end":{"line":75,"column":3}},"line":52},"5":{"name":"(anonymous_5)","decl":{"start":{"line":59,"column":58},"end":{"line":59,"column":59}},"loc":{"start":{"line":59,"column":69},"end":{"line":59,"column":91}},"line":59},"6":{"name":"(anonymous_6)","decl":{"start":{"line":62,"column":81},"end":{"line":62,"column":82}},"loc":{"start":{"line":62,"column":95},"end":{"line":62,"column":120}},"line":62}},"branchMap":{},"s":{"0":1,"1":1,"2":0,"3":1,"4":1,"5":0,"6":0,"7":3},"f":{"0":1,"1":0,"2":0,"3":0,"4":1,"5":0,"6":0},"b":{},"_coverageSchema":"332fd63041d2c1bcb487cc26dd0d5f7d97098a6c","hash":"52c113736dbd946a471171731e2ba54eafcf97a6"}
,"/Users/antcin/Desktop/gitDir/nice/frontend/src/screens/HomeScreen.js": {"path":"/Users/antcin/Desktop/gitDir/nice/frontend/src/screens/HomeScreen.js","statementMap":{"0":{"start":{"line":5,"column":13},"end":{"line":5,"column":28}},"1":{"start":{"line":11,"column":4},"end":{"line":11,"column":49}},"2":{"start":{"line":15,"column":6},"end":{"line":20,"column":5}}},"fnMap":{"0":{"name":"(anonymous_0)","decl":{"start":{"line":10,"column":26},"end":{"line":10,"column":27}},"loc":{"start":{"line":10,"column":32},"end":{"line":12,"column":3}},"line":10},"1":{"name":"(anonymous_1)","decl":{"start":{"line":14,"column":2},"end":{"line":14,"column":3}},"loc":{"start":{"line":14,"column":10},"end":{"line":22,"column":3}},"line":14}},"branchMap":{},"s":{"0":3,"1":1,"2":4},"f":{"0":1,"1":4},"b":{},"_coverageSchema":"332fd63041d2c1bcb487cc26dd0d5f7d97098a6c","hash":"caafa880e5c216943c3a3a537ee9d1b116aefddd"}
,"/Users/antcin/Desktop/gitDir/nice/frontend/src/screens/ListScreen.js": {"path":"/Users/antcin/Desktop/gitDir/nice/frontend/src/screens/ListScreen.js","statementMap":{"0":{"start":{"line":6,"column":13},"end":{"line":6,"column":28}},"1":{"start":{"line":21,"column":4},"end":{"line":25,"column":5}}},"fnMap":{"0":{"name":"(anonymous_0)","decl":{"start":{"line":18,"column":2},"end":{"line":18,"column":3}},"loc":{"start":{"line":18,"column":10},"end":{"line":27,"column":3}},"line":18}},"branchMap":{},"s":{"0":2,"1":0},"f":{"0":0},"b":{},"_coverageSchema":"332fd63041d2c1bcb487cc26dd0d5f7d97098a6c","hash":"221bcbabe30e14eb36e3a1fa3baed4701b122235"}
}
