{"/Users/antcin/Desktop/gitDir/nice/frontend/App.js": {"path":"/Users/antcin/Desktop/gitDir/nice/frontend/App.js","statementMap":{"0":{"start":{"line":11,"column":4},"end":{"line":13,"column":6}},"1":{"start":{"line":17,"column":21},"end":{"line":21,"column":2}}},"fnMap":{"0":{"name":"(anonymous_0)","decl":{"start":{"line":10,"column":2},"end":{"line":10,"column":3}},"loc":{"start":{"line":10,"column":11},"end":{"line":14,"column":3}},"line":10}},"branchMap":{},"s":{"0":2,"1":2},"f":{"0":2},"b":{},"_coverageSchema":"332fd63041d2c1bcb487cc26dd0d5f7d97098a6c","hash":"0e409488bb1375b5741e0e7eb5265ca2cd2ebab6"}
,"/Users/antcin/Desktop/gitDir/nice/frontend/src/axios.js": {"path":"/Users/antcin/Desktop/gitDir/nice/frontend/src/axios.js","statementMap":{"0":{"start":{"line":3,"column":18},"end":{"line":3,"column":43}},"1":{"start":{"line":5,"column":18},"end":{"line":8,"column":2}}},"fnMap":{},"branchMap":{},"s":{"0":3,"1":3},"f":{},"b":{},"_coverageSchema":"332fd63041d2c1bcb487cc26dd0d5f7d97098a6c","hash":"81049024fd1cbdc0fd6c9631487156ecebda1e6f"}
,"/Users/antcin/Desktop/gitDir/nice/frontend/src/setupTests.js": {"path":"/Users/antcin/Desktop/gitDir/nice/frontend/src/setupTests.js","statementMap":{"0":{"start":{"line":4,"column":0},"end":{"line":4,"column":38}}},"fnMap":{},"branchMap":{},"s":{"0":6},"f":{},"b":{},"_coverageSchema":"332fd63041d2c1bcb487cc26dd0d5f7d97098a6c","hash":"b5718f509b93337cae6b28d3bc0b1e721bacdb40"}
,"/Users/antcin/Desktop/gitDir/nice/frontend/src/assets/ammar-home.png": {"path":"/Users/antcin/Desktop/gitDir/nice/frontend/src/assets/ammar-home.png","statementMap":{"0":{"start":{"line":1,"column":0},"end":{"line":1,"column":19}}},"fnMap":{},"branchMap":{},"s":{"0":3},"f":{},"b":{},"_coverageSchema":"332fd63041d2c1bcb487cc26dd0d5f7d97098a6c","hash":"29dc50f89c1ee393d0eec35372dfe18e55f60ff5"}
,"/Users/antcin/Desktop/gitDir/nice/frontend/src/assets/nice-logo.png": {"path":"/Users/antcin/Desktop/gitDir/nice/frontend/src/assets/nice-logo.png","statementMap":{"0":{"start":{"line":1,"column":0},"end":{"line":1,"column":19}}},"fnMap":{},"branchMap":{},"s":{"0":2},"f":{},"b":{},"_coverageSchema":"332fd63041d2c1bcb487cc26dd0d5f7d97098a6c","hash":"4395111440e940cc87c7fb6bd9ca48a31a484b67"}
,"/Users/antcin/Desktop/gitDir/nice/frontend/src/components/BasicFlatList.js": {"path":"/Users/antcin/Desktop/gitDir/nice/frontend/src/components/BasicFlatList.js","statementMap":{"0":{"start":{"line":7,"column":4},"end":{"line":15,"column":5}},"1":{"start":{"line":19,"column":15},"end":{"line":25,"column":2}},"2":{"start":{"line":29,"column":4},"end":{"line":45,"column":5}},"3":{"start":{"line":35,"column":12},"end":{"line":38,"column":30}}},"fnMap":{"0":{"name":"(anonymous_0)","decl":{"start":{"line":6,"column":2},"end":{"line":6,"column":3}},"loc":{"start":{"line":6,"column":11},"end":{"line":16,"column":3}},"line":6},"1":{"name":"(anonymous_1)","decl":{"start":{"line":28,"column":2},"end":{"line":28,"column":3}},"loc":{"start":{"line":28,"column":11},"end":{"line":46,"column":3}},"line":28},"2":{"name":"(anonymous_2)","decl":{"start":{"line":33,"column":22},"end":{"line":33,"column":23}},"loc":{"start":{"line":33,"column":41},"end":{"line":39,"column":11}},"line":33}},"branchMap":{"0":{"loc":{"start":{"line":10,"column":25},"end":{"line":10,"column":74}},"type":"cond-expr","locations":[{"start":{"line":10,"column":53},"end":{"line":10,"column":64}},{"start":{"line":10,"column":66},"end":{"line":10,"column":74}}],"line":10}},"s":{"0":0,"1":2,"2":0,"3":0},"f":{"0":0,"1":0,"2":0},"b":{"0":[0,0]},"_coverageSchema":"332fd63041d2c1bcb487cc26dd0d5f7d97098a6c","hash":"d6f28e9624e9060cdc2e080d65e51e7742119afc"}
,"/Users/antcin/Desktop/gitDir/nice/frontend/src/components/Button.js": {"path":"/Users/antcin/Desktop/gitDir/nice/frontend/src/components/Button.js","statementMap":{"0":{"start":{"line":5,"column":15},"end":{"line":9,"column":1}},"1":{"start":{"line":6,"column":2},"end":{"line":8,"column":21}},"2":{"start":{"line":11,"column":0},"end":{"line":13,"column":1}},"3":{"start":{"line":15,"column":0},"end":{"line":15,"column":27}}},"fnMap":{"0":{"name":"(anonymous_0)","decl":{"start":{"line":5,"column":15},"end":{"line":5,"column":16}},"loc":{"start":{"line":6,"column":2},"end":{"line":8,"column":21}},"line":6}},"branchMap":{},"s":{"0":4,"1":5,"2":4,"3":4},"f":{"0":5},"b":{},"_coverageSchema":"332fd63041d2c1bcb487cc26dd0d5f7d97098a6c","hash":"9a6e9757e1b6096e2b3dc80e731895cdecb5f36e"}
,"/Users/antcin/Desktop/gitDir/nice/frontend/src/components/RectangleButton.js": {"path":"/Users/antcin/Desktop/gitDir/nice/frontend/src/components/RectangleButton.js","statementMap":{"0":{"start":{"line":12,"column":60},"end":{"line":12,"column":70}},"1":{"start":{"line":13,"column":4},"end":{"line":20,"column":5}},"2":{"start":{"line":24,"column":0},"end":{"line":29,"column":2}},"3":{"start":{"line":31,"column":15},"end":{"line":44,"column":2}}},"fnMap":{"0":{"name":"(anonymous_0)","decl":{"start":{"line":11,"column":2},"end":{"line":11,"column":3}},"loc":{"start":{"line":11,"column":11},"end":{"line":21,"column":3}},"line":11}},"branchMap":{},"s":{"0":6,"1":6,"2":4,"3":4},"f":{"0":6},"b":{},"_coverageSchema":"332fd63041d2c1bcb487cc26dd0d5f7d97098a6c","hash":"b101dcd4eb6f20a3689206465b1cf79d41b297e3"}
,"/Users/antcin/Desktop/gitDir/nice/frontend/src/data/flatListData.js": {"path":"/Users/antcin/Desktop/gitDir/nice/frontend/src/data/flatListData.js","statementMap":{"0":{"start":{"line":4,"column":19},"end":{"line":15,"column":1}},"1":{"start":{"line":17,"column":0},"end":{"line":17,"column":30}}},"fnMap":{},"branchMap":{},"s":{"0":2,"1":2},"f":{},"b":{},"_coverageSchema":"332fd63041d2c1bcb487cc26dd0d5f7d97098a6c","hash":"18042af3a043ad6ede1aa491d4dbe77632515a4f"}
,"/Users/antcin/Desktop/gitDir/nice/frontend/src/screens/AuthScreen.js": {"path":"/Users/antcin/Desktop/gitDir/nice/frontend/src/screens/AuthScreen.js","statementMap":{"0":{"start":{"line":15,"column":4},"end":{"line":15,"column":12}},"1":{"start":{"line":16,"column":4},"end":{"line":18,"column":5}},"2":{"start":{"line":22,"column":5},"end":{"line":30,"column":6}},"3":{"start":{"line":24,"column":6},"end":{"line":26,"column":9}},"4":{"start":{"line":29,"column":6},"end":{"line":29,"column":59}},"5":{"start":{"line":34,"column":4},"end":{"line":34,"column":49}},"6":{"start":{"line":38,"column":21},"end":{"line":38,"column":31}},"7":{"start":{"line":39,"column":4},"end":{"line":59,"column":6}},"8":{"start":{"line":64,"column":15},"end":{"line":87,"column":2}}},"fnMap":{"0":{"name":"(anonymous_0)","decl":{"start":{"line":14,"column":2},"end":{"line":14,"column":3}},"loc":{"start":{"line":14,"column":16},"end":{"line":19,"column":3}},"line":14},"1":{"name":"(anonymous_1)","decl":{"start":{"line":21,"column":2},"end":{"line":21,"column":3}},"loc":{"start":{"line":21,"column":22},"end":{"line":31,"column":3}},"line":21},"2":{"name":"(anonymous_2)","decl":{"start":{"line":23,"column":10},"end":{"line":23,"column":11}},"loc":{"start":{"line":23,"column":22},"end":{"line":27,"column":5}},"line":23},"3":{"name":"(anonymous_3)","decl":{"start":{"line":28,"column":11},"end":{"line":28,"column":12}},"loc":{"start":{"line":28,"column":20},"end":{"line":30,"column":5}},"line":28},"4":{"name":"(anonymous_4)","decl":{"start":{"line":33,"column":21},"end":{"line":33,"column":22}},"loc":{"start":{"line":33,"column":27},"end":{"line":35,"column":3}},"line":33},"5":{"name":"(anonymous_5)","decl":{"start":{"line":37,"column":2},"end":{"line":37,"column":3}},"loc":{"start":{"line":37,"column":11},"end":{"line":60,"column":3}},"line":37}},"branchMap":{},"s":{"0":6,"1":6,"2":8,"3":2,"4":0,"5":1,"6":8,"7":8,"8":3},"f":{"0":6,"1":8,"2":2,"3":0,"4":1,"5":8},"b":{},"_coverageSchema":"332fd63041d2c1bcb487cc26dd0d5f7d97098a6c","hash":"4c250ceccb4f22fdf38985f097e675a59be15f15"}
,"/Users/antcin/Desktop/gitDir/nice/frontend/src/screens/HomeScreen.js": {"path":"/Users/antcin/Desktop/gitDir/nice/frontend/src/screens/HomeScreen.js","statementMap":{"0":{"start":{"line":5,"column":13},"end":{"line":5,"column":28}},"1":{"start":{"line":11,"column":4},"end":{"line":11,"column":49}},"2":{"start":{"line":15,"column":6},"end":{"line":20,"column":5}}},"fnMap":{"0":{"name":"(anonymous_0)","decl":{"start":{"line":10,"column":26},"end":{"line":10,"column":27}},"loc":{"start":{"line":10,"column":32},"end":{"line":12,"column":3}},"line":10},"1":{"name":"(anonymous_1)","decl":{"start":{"line":14,"column":2},"end":{"line":14,"column":3}},"loc":{"start":{"line":14,"column":10},"end":{"line":22,"column":3}},"line":14}},"branchMap":{},"s":{"0":3,"1":1,"2":2},"f":{"0":1,"1":2},"b":{},"_coverageSchema":"332fd63041d2c1bcb487cc26dd0d5f7d97098a6c","hash":"caafa880e5c216943c3a3a537ee9d1b116aefddd"}
,"/Users/antcin/Desktop/gitDir/nice/frontend/src/screens/ListScreen.js": {"path":"/Users/antcin/Desktop/gitDir/nice/frontend/src/screens/ListScreen.js","statementMap":{"0":{"start":{"line":6,"column":13},"end":{"line":6,"column":28}},"1":{"start":{"line":17,"column":4},"end":{"line":17,"column":94}},"2":{"start":{"line":18,"column":19},"end":{"line":18,"column":46}},"3":{"start":{"line":19,"column":4},"end":{"line":27,"column":5}},"4":{"start":{"line":23,"column":29},"end":{"line":23,"column":242}}},"fnMap":{"0":{"name":"(anonymous_0)","decl":{"start":{"line":16,"column":2},"end":{"line":16,"column":3}},"loc":{"start":{"line":16,"column":10},"end":{"line":29,"column":3}},"line":16},"1":{"name":"(anonymous_1)","decl":{"start":{"line":23,"column":23},"end":{"line":23,"column":24}},"loc":{"start":{"line":23,"column":29},"end":{"line":23,"column":242}},"line":23}},"branchMap":{},"s":{"0":2,"1":0,"2":0,"3":0,"4":0},"f":{"0":0,"1":0},"b":{},"_coverageSchema":"332fd63041d2c1bcb487cc26dd0d5f7d97098a6c","hash":"d721b1d93a9d73f31c71cc44a7f12414aa6a7dd5"}
}
