TN:
SF:/Users/antcin/Desktop/gitDir/nice/frontend/jest/setup.js
FN:13,copyProps
FN:15,(anonymous_1)
FN:16,(anonymous_2)
FNF:3
FNH:3
FNDA:1,copyProps
FNDA:325,(anonymous_1)
FNDA:307,(anonymous_2)
DA:8,1
DA:10,1
DA:11,1
DA:14,1
DA:15,325
DA:16,307
DA:17,1
DA:20,1
DA:21,1
DA:22,1
DA:25,1
LF:11
LH:11
BRF:0
BRH:0
end_of_record
TN:
SF:/Users/antcin/Desktop/gitDir/nice/frontend/src/assets/nice-logo.png
FNF:0
FNH:0
DA:1,1
LF:1
LH:1
BRF:0
BRH:0
end_of_record
TN:
SF:/Users/antcin/Desktop/gitDir/nice/frontend/src/components/Button.js
FN:5,(anonymous_0)
FNF:1
FNH:1
FNDA:3,(anonymous_0)
DA:5,1
DA:6,3
DA:11,1
DA:15,1
LF:4
LH:4
BRF:0
BRH:0
end_of_record
