TN:
SF:/Users/antcin/Desktop/gitDir/nice/frontend/App.js
FN:10,(anonymous_0)
FNF:1
FNH:1
FNDA:2,(anonymous_0)
DA:11,2
DA:17,2
LF:2
LH:2
BRF:0
BRH:0
end_of_record
TN:
SF:/Users/antcin/Desktop/gitDir/nice/frontend/src/axios.js
FNF:0
FNH:0
DA:3,3
DA:5,3
LF:2
LH:2
BRF:0
BRH:0
end_of_record
TN:
SF:/Users/antcin/Desktop/gitDir/nice/frontend/src/setupTests.js
FNF:0
FNH:0
DA:4,6
LF:1
LH:1
BRF:0
BRH:0
end_of_record
TN:
SF:/Users/antcin/Desktop/gitDir/nice/frontend/src/assets/ammar-home.png
FNF:0
FNH:0
DA:1,3
LF:1
LH:1
BRF:0
BRH:0
end_of_record
TN:
SF:/Users/antcin/Desktop/gitDir/nice/frontend/src/assets/nice-logo.png
FNF:0
FNH:0
DA:1,2
LF:1
LH:1
BRF:0
BRH:0
end_of_record
TN:
SF:/Users/antcin/Desktop/gitDir/nice/frontend/src/components/BasicFlatList.js
FN:6,(anonymous_0)
FN:28,(anonymous_1)
FN:33,(anonymous_2)
FNF:3
FNH:0
FNDA:0,(anonymous_0)
FNDA:0,(anonymous_1)
FNDA:0,(anonymous_2)
DA:7,0
DA:19,2
DA:29,0
DA:35,0
LF:4
LH:1
BRDA:10,0,0,0
BRDA:10,0,1,0
BRF:2
BRH:0
end_of_record
TN:
SF:/Users/antcin/Desktop/gitDir/nice/frontend/src/components/Button.js
FN:5,(anonymous_0)
FNF:1
FNH:1
FNDA:5,(anonymous_0)
DA:5,4
DA:6,5
DA:11,4
DA:15,4
LF:4
LH:4
BRF:0
BRH:0
end_of_record
TN:
SF:/Users/antcin/Desktop/gitDir/nice/frontend/src/components/RectangleButton.js
FN:11,(anonymous_0)
FNF:1
FNH:1
FNDA:6,(anonymous_0)
DA:12,6
DA:13,6
DA:24,4
DA:31,4
LF:4
LH:4
BRF:0
BRH:0
end_of_record
TN:
SF:/Users/antcin/Desktop/gitDir/nice/frontend/src/data/flatListData.js
FNF:0
FNH:0
DA:4,2
DA:17,2
LF:2
LH:2
BRF:0
BRH:0
end_of_record
TN:
SF:/Users/antcin/Desktop/gitDir/nice/frontend/src/screens/AuthScreen.js
FN:14,(anonymous_0)
FN:21,(anonymous_1)
FN:23,(anonymous_2)
FN:28,(anonymous_3)
FN:33,(anonymous_4)
FN:37,(anonymous_5)
FNF:6
FNH:5
FNDA:6,(anonymous_0)
FNDA:8,(anonymous_1)
FNDA:2,(anonymous_2)
FNDA:0,(anonymous_3)
FNDA:1,(anonymous_4)
FNDA:8,(anonymous_5)
DA:15,6
DA:16,6
DA:22,8
DA:24,2
DA:29,0
DA:34,1
DA:38,8
DA:39,8
DA:64,3
LF:9
LH:8
BRF:0
BRH:0
end_of_record
TN:
SF:/Users/antcin/Desktop/gitDir/nice/frontend/src/screens/HomeScreen.js
FN:10,(anonymous_0)
FN:14,(anonymous_1)
FNF:2
FNH:2
FNDA:1,(anonymous_0)
FNDA:2,(anonymous_1)
DA:5,3
DA:11,1
DA:15,2
LF:3
LH:3
BRF:0
BRH:0
end_of_record
TN:
SF:/Users/antcin/Desktop/gitDir/nice/frontend/src/screens/ListScreen.js
FN:16,(anonymous_0)
FN:23,(anonymous_1)
FNF:2
FNH:0
FNDA:0,(anonymous_0)
FNDA:0,(anonymous_1)
DA:6,2
DA:17,0
DA:18,0
DA:19,0
DA:23,0
LF:5
LH:1
BRF:0
BRH:0
end_of_record
